1/17/2019 21:44:21	This log contains information about the import schema operation into project 'Database1' on computer 'DESKTOP-477U2M7' by user 'Mihaela'.
1/17/2019 21:44:22	Import of database schema has started.
1/17/2019 21:44:28	Gathering database credentials
1/17/2019 21:44:28	Gathering database options
1/17/2019 21:44:28	Gathering users
1/17/2019 21:44:28	Gathering roles
1/17/2019 21:44:28	Gathering application roles
1/17/2019 21:44:28	Gathering role memberships
1/17/2019 21:44:28	Gathering filegroups
1/17/2019 21:44:28	Gathering full-text catalogs
1/17/2019 21:44:28	Gathering assemblies
1/17/2019 21:44:28	Gathering certificates
1/17/2019 21:44:28	Gathering asymmetric keys
1/17/2019 21:44:28	Gathering symmetric keys
1/17/2019 21:44:28	Gathering encrypted symmetric keys
1/17/2019 21:44:28	Gathering schemas
1/17/2019 21:44:28	Gathering XML schema collections
1/17/2019 21:44:28	Gathering user-defined data types
1/17/2019 21:44:28	Gathering user-defined types
1/17/2019 21:44:28	Gathering table types
1/17/2019 21:44:28	Gathering unique keys for table types
1/17/2019 21:44:28	Gathering primary keys for table types
1/17/2019 21:44:28	Gathering indexes for table types
1/17/2019 21:44:28	Gathering check constraints for table types
1/17/2019 21:44:28	Gathering default constraints for table types
1/17/2019 21:44:28	Gathering partition functions
1/17/2019 21:44:28	Gathering partition schemes
1/17/2019 21:44:28	Gathering functions
1/17/2019 21:44:28	Gathering encrypted functions
1/17/2019 21:44:28	Gathering aggregates
1/17/2019 21:44:28	Gathering procedures
1/17/2019 21:44:28	Gathering encrypted procedures
1/17/2019 21:44:28	Gathering tables
1/17/2019 21:44:28	Gathering primary keys
1/17/2019 21:44:28	Gathering unique constraints
1/17/2019 21:44:28	Gathering foreign keys
1/17/2019 21:44:28	Gathering default constraints
1/17/2019 21:44:28	Gathering check constraints
1/17/2019 21:44:28	Gathering views
1/17/2019 21:44:28	Gathering encrypted views
1/17/2019 21:44:28	Gathering indexes
1/17/2019 21:44:28	Gathering statistics
1/17/2019 21:44:28	Gathering full-text index stoplists
1/17/2019 21:44:28	Gathering search property lists
1/17/2019 21:44:28	Gathering search properties
1/17/2019 21:44:28	Gathering full-text indexes
1/17/2019 21:44:28	Gathering column store indexes
1/17/2019 21:44:28	Gathering spatial indexes
1/17/2019 21:44:28	Gathering XML indexes
1/17/2019 21:44:28	Gathering Selective XML indexes
1/17/2019 21:44:28	Gathering encrypted triggers
1/17/2019 21:44:28	Gathering triggers
1/17/2019 21:44:28	Gathering encrypted and clr ddl triggers
1/17/2019 21:44:28	Gathering ddl triggers
1/17/2019 21:44:28	Gathering synonyms
1/17/2019 21:44:28	Gathering defaults
1/17/2019 21:44:28	Gathering data constraint uddt bindings
1/17/2019 21:44:28	Gathering rules
1/17/2019 21:44:28	Gathering data constraint uddt bindings
1/17/2019 21:44:29	Gathering message types
1/17/2019 21:44:29	Gathering queues
1/17/2019 21:44:29	Gathering contracts
1/17/2019 21:44:29	Gathering services
1/17/2019 21:44:29	Gathering event notifications
1/17/2019 21:44:29	Gathering remote service bindings
1/17/2019 21:44:29	Gathering broker priorities
1/17/2019 21:44:29	Gathering signatures
1/17/2019 21:44:29	Gathering data compression options
1/17/2019 21:44:29	Gathering sequence types
1/17/2019 21:44:29	Gathering security policies
1/17/2019 21:44:29	Gather column encryption keys
1/17/2019 21:44:29	Gathering column master keys
1/17/2019 21:44:29	Gathering external data sources
1/17/2019 21:44:29	Gathering external file formats
1/17/2019 21:44:29	Gathering external tables
1/17/2019 21:44:29	Gathering extended properties
1/17/2019 21:44:29	Gathering credentials
1/17/2019 21:44:29	Gathering logins
1/17/2019 21:44:29	Gathering server audits
1/17/2019 21:44:30	Scanning project for duplicate elements
1/17/2019 21:44:30	Finished duplicate element processing
1/17/2019 21:44:31	Finished importing database.
1/17/2019 21:44:31	A summary of the import was saved to the following location: D:\faculatate\MyLibrary\Database1\Import Schema Logs\Database1_20190117074421.log
1/17/2019 21:44:31	Click Finish to continue...
